<?xml version="1.0" encoding="UTF-8"?>
<testsuite xmlns:xsi="http://www.w3.org/2001/XMLSchema-instance" xsi:noNamespaceSchemaLocation="https://maven.apache.org/surefire/maven-surefire-plugin/xsd/surefire-test-report-3.0.xsd" version="3.0" name="com.p2p.LoanServiceTest" time="0.536" tests="4" errors="0" skipped="0" failures="0">
  <properties>
[...]
</properties>
  <testcase name="shouldRejectLoanWhenCreditScoreLow" classname="com.p2p.LoanServiceTest" time="0.036">
    <system-out><![CDATA[TC-04: Success - loan rejected
]]></system-out>
  </testcase>
  <testcase name="shouldApproveLoanWhenCreditScoreHigh" classname="com.p2p.LoanServiceTest" time="0.001">
    <system-out><![CDATA[TC-03: Success - loan approved
]]></system-out>
  </testcase>
  <testcase name="shouldRejectLoanWhenAmountIsZeroOrNegative" classname="com.p2p.LoanServiceTest" time="0.0">
    <system-out><![CDATA[TC-02: Success - invalid amount rejected
]]></system-out>
  </testcase>
  <testcase name="shouldRejectLoanWhenBorrowerNotVerified" classname="com.p2p.LoanServiceTest" time="0.002">
    <system-out><![CDATA[TC-01: Success - borrower not verified
]]></system-out>
  </testcase>
</testsuite>